Pf;
V320;
M
D2a"MODULO DE CONTROLO DE UM PORTAO AUTOMATICO
Sf;
5HACKING;
3p22v10 portao;
1 1P1 9 CLK;
1 2P1 9 BTN;
1 3P1 9 DET;
1 4P1 9 FIM;
1 5P1 9 TIMEOUT;
1 6P1 9 RESET;
1 eP1 40 abrir;
1 fP1 40 fechar;
1 10P1 40 contar;
1 11P1 45 a;
1 12P1 45 b;
2 19P1 9 a.RE;
2 19P1 9 b.RE;
$
AP1
[Pd,Pe]=P7;
$
AP1
[!P8,!P9,!Pa]=([Pb,Pc]Q5fN0)&
  (([N0,N0,N0])Q58
  [!(N0),!(N0),!(N0)]);
[Pb,Pc]:
 (([Pb,Pc]Q5fN0)&
  ((P3)Q60N0)&[(N0),(N1)])
 ;
[Pb,Pc]:
 (([Pb,Pc]Q5fN0)&
  ((!P3)Q60N0)&[(N0),(N0)])
 ;
[!P8,!P9,!Pa]=([Pb,Pc]Q5fN1)&
  (([N1,N0,N0])Q58
  [!(N0),!(N0),!(N0)]);
[Pb,Pc]:
 (([Pb,Pc]Q5fN1)&
  (((P3|
  P5))Q60N0)&[(N1),(N0)])
 ;
[Pb,Pc]:
 (([Pb,Pc]Q5fN1)&
  ((!(P3|
  P5))Q60N0)&[(N0),(N1)])
 ;
[!P8,!P9,!Pa]=([Pb,Pc]Q5fN2)&
  (([N0,N0,N1])Q58
  [!(N0),!(N0),!(N0)]);
[Pb,Pc]:
 (([Pb,Pc]Q5fN2)&
  (((P6|
  P3))Q60N0)&[(N1),(N1)])
 ;
[Pb,Pc]:
 (([Pb,Pc]Q5fN2)&
  ((!(P6|
  P3))Q60N0)&[(N1),(N0)])
 ;
[!P8,!P9,!Pa]=([Pb,Pc]Q5fN3)&
  (([N0,N1,N0])Q58
  [!(N0),!(N0),!(N0)]);
[Pb,Pc]:
 (([Pb,Pc]Q5fN3)&
  ((P4)Q60N0)&[(N0),(N1)])
 ;
[Pb,Pc]:
 (([Pb,Pc]Q5fN3)&
  (((P3|
  P5)&!P4)Q60N0)&[(N0),(N0)])
 ;
[Pb,Pc]:
 (([Pb,Pc]Q5fN3)&
  ((!P4&!(P3|
  P5))Q60N0)&[(N1),(N1)])
 ;
$
BP1
Pd=P7;
Pe=P7;
P8=!((!Pb&!Pc|
  Pb&!Pc)|
  Pb&Pc);
P9=!((!Pb&!Pc|
  !Pb&Pc)|
  Pb&!Pc);
Pa=!((!Pb&!Pc|
  !Pb&Pc)|
  Pb&Pc);
Pb:(((!Pb&Pc&(P3|
  P5)|
  Pb&!Pc&(P6|
  P3))|
  Pb&!Pc&!(P6|
  P3))|
  Pb&Pc&!P4&!(P3|
  P5));
Pc:((((!Pb&!Pc&P3|
  !Pb&Pc&!(P3|
  P5))|
  Pb&!Pc&(P6|
  P3))|
  Pb&Pc&P4)|
  Pb&Pc&!P4&!(P3|
  P5));
$
CP1
Pd=(Pd);[1,0];
Pe=(Pe);[1,0];
P8=!(P8);[3,0];
P9=!(P9);[3,0];
Pa=!(Pa);[3,0];
Pb:(Pb);[6,0];
Pc:(Pc);[6,0];
#
Pd=(P7);
Pe=(P7);
P8=!(Pb&Pc
|Pb&!Pc
|!Pb&!Pc);
P9=!(Pb&!Pc
|!Pb&Pc
|!Pb&!Pc);
Pa=!(Pb&Pc
|!Pb&Pc
|!Pb&!Pc);
Pb:(!P3&!P4&!P5&Pb&Pc
|!P3&!P6&Pb&!Pc
|P3&Pb&!Pc
|P6&Pb&!Pc
|P5&!Pb&Pc
|P3&!Pb&Pc);
Pc:(!P3&!P4&!P5&Pb&Pc
|P4&Pb&Pc
|P3&Pb&!Pc
|P6&Pb&!Pc
|!P3&!P5&!Pb&Pc
|P3&!Pb&!Pc);
$
JP1 1b,84;
R10,10:0800;
R20,10:000F;
R30,10:FFFF;
R40,10:FFFF;
R50,10:FFFF;
R60,10:FFFF;
R70,10:FFFF;
R80,10:FFFF;
R90,10:FFFF;
Ra0,10:FFFF;
Rb0,10:FFFF;
Rc0,10:FFFF;
Rd0,10:FFFF;
Re0,10:FFFF;
Rf0,10:FFFF;
R100,10:FFFF;
R110,10:FFFF;
R120,10:FFFF;
R130,10:FFFF;
R140,10:FFFF;
R150,10:FFFF;
R160,10:FFFF;
R170,10:FFFF;
R180,10:FFFF;
R190,10:FFFF;
R1a0,10:FFFF;
R1b0,10:FFFF;
R1c0,10:FFFF;
R1d0,10:FFFF;
R1e0,10:FFFF;
R1f0,10:FFFF;
R200,10:FFFF;
R210,10:FFFF;
R220,10:FFFF;
R230,10:FFFF;
R240,10:FFFF;
R250,10:FFFF;
R260,10:FFFF;
R270,10:FFFF;
R280,10:FFFF;
R290,10:FFFF;
R2a0,10:FFFF;
R2b0,10:FFFF;
R2c0,10:FFFF;
R2d0,10:FFFF;
R2e0,10:FFFF;
R2f0,10:FFFF;
R300,10:FFFF;
R310,10:FFFF;
R320,10:FFFF;
R330,10:FFFF;
R340,10:FFFF;
R350,10:FFFF;
R360,10:FFFF;
R370,10:FFFF;
R380,10:FFFF;
R390,10:FFFF;
R3a0,10:FFFF;
R3b0,10:FFFF;
R3c0,10:FFFF;
R3d0,10:FFFF;
R3e0,10:FFFF;
R3f0,10:FFFF;
R400,10:FFFF;
R410,10:FFFF;
R420,10:FFFF;
R430,10:FFFF;
R440,10:FFFF;
R450,10:FFFF;
R460,10:FFFF;
R470,10:FFFF;
R480,10:FFFF;
R490,10:FFFF;
R4a0,10:FFFF;
R4b0,10:FFFF;
R4c0,10:FFFF;
R4d0,10:FFFF;
R4e0,10:FFFF;
R4f0,10:FFFF;
R500,10:FFFF;
R510,10:FFFF;
R520,10:FFFF;
R530,10:FFFF;
R540,10:FFFF;
R550,10:FFFF;
R560,10:FFFF;
R570,10:FFFF;
R580,10:FFFF;
R590,10:FFFF;
R5a0,10:FFFF;
R5b0,10:FFFF;
R5c0,10:FFFF;
R5d0,10:FFFF;
R5e0,10:FFFF;
R5f0,10:FFFF;
R600,10:FFFF;
R610,10:FFFF;
R620,10:FFFF;
R630,10:FFFF;
R640,10:FFFF;
R650,10:FFFF;
R660,10:FFFF;
R670,10:FFFF;
R680,10:FFFF;
R690,10:FFFF;
R6a0,10:FFFF;
R6b0,10:FFFF;
R6c0,10:FFFF;
R6d0,10:FFFF;
R6e0,10:FFFF;
R6f0,10:FFFF;
R700,10:FFFF;
R710,10:FFFF;
R720,10:FFFF;
R730,10:FFFF;
R740,10:FFFF;
R750,10:FFFF;
R760,10:FFFF;
R770,10:FFFF;
R780,10:FFFF;
R790,10:FFFF;
R7a0,10:FFFF;
R7b0,10:FFFF;
R7c0,10:FFFF;
R7d0,10:FFFF;
R7e0,10:FFFF;
R7f0,10:FFFF;
R800,10:FFFF;
R810,10:FFFF;
R820,10:FFFF;
R830,10:FFFF;
R840,10:FFFF;
R850,10:FFFF;
R860,10:FFFF;
R870,10:FFFF;
R880,10:FFFF;
R890,10:FFFF;
R8a0,10:FFFF;
R8b0,10:FFFF;
R8c0,10:FFFF;
R8d0,10:FFFF;
R8e0,10:FFFF;
R8f0,10:FFFF;
R900,10:FFFF;
R910,10:FFFF;
R920,10:FFFF;
R930,10:FFFF;
R940,10:FFFF;
R950,10:FFFF;
R960,10:FFFF;
R970,10:FFFF;
R980,10:FFFF;
R990,10:FFFF;
R9a0,10:FFFF;
R9b0,10:FFFF;
R9c0,10:FFFF;
R9d0,10:FFFF;
R9e0,10:FFFF;
R9f0,10:FFFF;
Ra00,10:FFFF;
Ra10,10:FFFF;
Ra20,10:FFFF;
Ra30,10:FFFF;
Ra40,10:FFFF;
Ra50,10:FFFF;
Ra60,10:FFFF;
Ra70,10:FFFF;
Ra80,10:FFFF;
Ra90,10:FFFF;
Raa0,10:FFFF;
Rab0,10:FFFF;
Rac0,10:FFFF;
Rad0,10:FFFF;
Rae0,10:FFFF;
Raf0,10:FFFF;
Rb00,10:FFFF;
Rb10,10:FFFF;
Rb20,10:FFFF;
Rb30,10:FFFF;
Rb40,10:FFFF;
Rb50,10:FF00;
Rb80,10:0044;
Rb90,10:4011;
Rbb0,10:0080;
Rbc0,10:0110;
Rbe0,10:8000;
Rbf0,10:2100;
Rc10,10:0082;
Rc20,10:1000;
Rc30,10:0040;
Rc40,10:4012;
Rc60,10:0800;
Rc70,10:0220;
Rc80,10:000F;
Rc90,10:FFFF;
Rca0,10:FFFF;
Rcb0,10:FFFF;
Rcc0,10:FFFF;
Rcd0,10:FFFF;
Rce0,10:FFFF;
Rcf0,10:FFFF;
Rd00,10:FFFF;
Rd10,10:FFFF;
Rd20,10:FFFF;
Rd30,10:FFFF;
Rd40,10:FFFF;
Rd50,10:FFFF;
Rd60,10:FFFF;
Rd70,10:FFFF;
Rd80,10:FFFF;
Rd90,10:FFFF;
Rda0,10:FFFF;
Rdb0,10:FFFF;
Rdc0,10:FFFF;
Rdd0,10:FFFF;
Rde0,10:FFFF;
Rdf0,10:FFFF;
Re00,10:FFFF;
Re10,10:FFFF;
Re20,10:FFFF;
Re30,10:FFFF;
Re40,10:F000;
Re70,10:0444;
Re80,10:0110;
Rea0,10:4004;
Reb0,10:2100;
Rec0,10:0008;
Red0,10:0002;
Ree0,10:1000;
Rf00,10:0821;
Rf20,10:0008;
Rf30,10:0120;
Rf50,10:8000;
Rf60,10:1200;
Rf70,10:00FF;
Rf80,10:FFFF;
Rf90,10:FFFF;
Rfa0,10:FFFF;
Rfb0,10:FFFF;
Rfc0,10:FFFF;
Rfd0,10:FFFF;
Rfe0,10:FFFF;
Rff0,10:FFFF;
R1000,10:FFFF;
R1010,10:FFFF;
R1020,10:FFFF;
R1030,10:FFFF;
R1040,10:FFFF;
R1050,10:FFFF;
R1060,10:FFFF;
R1070,10:FFFF;
R1080,10:FFFF;
R1090,10:FFFF;
R10a0,10:FFFF;
R10b0,10:FFFF;
R10c0,10:FFFF;
R10d0,10:FF00;
R1110,10:0011;
R1140,10:0120;
R1170,10:2200;
R1180,10:00FF;
R1190,10:FFFF;
R11a0,10:FFFF;
R11b0,10:FFFF;
R11c0,10:FFFF;
R11d0,10:FFFF;
R11e0,10:FFFF;
R11f0,10:FFFF;
R1200,10:FFFF;
R1210,10:FFFF;
R1220,10:FFFF;
R1230,10:FFFF;
R1240,10:FFFF;
R1250,10:FFFF;
R1260,10:FFFF;
R1270,10:FFFF;
R1280,10:FFFF;
R1290,10:FFFF;
R12a0,10:FFFF;
R12b0,10:FFFF;
R12c0,10:FFFF;
R12d0,10:FFFF;
R12e0,10:FFFF;
R12f0,10:FFFF;
R1300,10:FFFF;
R1310,10:F000;
R1350,10:0210;
R1380,10:1200;
R13a0,10:0002;
R13b0,10:2000;
R13c0,10:0FFF;
R13d0,10:FFFF;
R13e0,10:FFFF;
R13f0,10:FFFF;
R1400,10:FFFF;
R1410,10:FFFF;
R1420,10:FFFF;
R1430,10:FFFF;
R1440,10:FFFF;
R1450,10:FFFF;
R1460,10:FFFF;
R1470,10:FFFF;
R1480,10:FFFF;
R1490,10:FFFF;
R14a0,10:FFFF;
R14b0,10:FFFF;
R14c0,10:FFFF;
R14d0,10:FFFF;
R14e0,10:FFFF;
R14f0,10:FF00;
R1530,10:0011;
R1560,10:0210;
R1590,10:2200;
R15a0,10:00FF;
R15b0,10:FFFF;
R15c0,10:FFFF;
R15d0,10:FFFF;
R15e0,10:FFFF;
R15f0,10:FFFF;
R1600,10:FFFF;
R1610,10:FFFF;
R1620,10:FFFF;
R1630,10:FFFF;
R1640,10:FFFF;
R1650,10:FFFF;
R1660,10:FFFF;
R1670,10:FFFF;
R1680,10:FFFF;
R1690,10:FFFF;
R16a0,10:FFFF;
R16b0,10:FFD6;
R16c0,10:A000;
$
UP1
e 8 3;
f a 3;
10 c 3;
11 e 6;
12 10 6;
13 10 0;
14 e 0;
15 c 0;
16 a 0;
17 8 0;
19 1 1;
1a 1 0;
$
$
