Pf;
V320;
M
D22"Somador de duas palavras de 4 bits
S19;
5SOMADOR;
3p22v10 soma_g1;
1 1P1 9 A;
1 2P1 9 B;
1 3P1 9 C;
1 4P1 9 D;
1 5P1 9 E;
1 6P1 9 F;
1 7P1 9 G;
1 8P1 9 H;
1 eP1 40 CBO;
1 fP1 40 S1;
1 10P1 40 S2;
1 11P1 40 S3;
1 12P1 40 S4;
1 aP1 9 CBI;
1 14P1 40 C4;
1 15P1 40 C3;
1 16P1 40 C2;
1 dP1 9 EN;
1 0P1 9 CBO.OE;
1 0P1 9 S1.OE;
1 0P1 9 S2.OE;
1 0P1 9 S3.OE;
1 0P1 9 S4.OE;
$
AP1
[P14,P15,P16,P17,P18]=P13;
Pe=((P5Q58
  P9)Q58
  Pf);
P10=((P5&P9|
  Pf&P9)|
  Pf&P5);
Pd=((P4Q58
  P8)Q58
  P10);
P11=((P4&P8|
  P10&P8)|
  P10&P4);
Pc=((P3Q58
  P7)Q58
  P11);
P12=((P3&P7|
  P11&P7)|
  P11&P3);
Pb=((P2Q58
  P6)Q58
  P12);
Pa=((P2&P6|
  P12&P6)|
  P12&P2);
$
BP1
P14=P13;
P15=P13;
P16=P13;
P17=P13;
P18=P13;
Pe=((P5Q58
  P9)Q58
  Pf);
P10=((P5&P9|
  Pf&P9)|
  Pf&P5);
Pd=((P4Q58
  P8)Q58
  P10);
P11=((P4&P8|
  P10&P8)|
  P10&P4);
Pc=((P3Q58
  P7)Q58
  P11);
P12=((P3&P7|
  P11&P7)|
  P11&P3);
Pb=((P2Q58
  P6)Q58
  P12);
Pa=((P2&P6|
  P12&P6)|
  P12&P2);
$
CP1
P14=(P14);[1,0];
P15=(P15);[1,0];
P16=(P16);[1,0];
P17=(P17);[1,0];
P18=(P18);[1,0];
Pe=(Pe);[4,0];
P10=(P10);[3,0];
Pd=(Pd);[4,0];
P11=(P11);[3,0];
Pc=(Pc);[4,0];
P12=(P12);[3,0];
Pb=(Pb);[4,0];
Pa=(Pa);[3,0];
#
P14=(P13);
P15=(P13);
P16=(P13);
P17=(P13);
P18=(P13);
Pe=(P5&!P9&!Pf
|!P5&P9&!Pf
|P5&P9&Pf
|!P5&!P9&Pf);
P10=(P5&Pf
|P9&Pf
|P5&P9);
Pd=(P4&!P8&!P10
|!P4&P8&!P10
|P4&P8&P10
|!P4&!P8&P10);
P11=(P4&P10
|P8&P10
|P4&P8);
Pc=(P3&!P7&!P11
|!P3&P7&!P11
|P3&P7&P11
|!P3&!P7&P11);
P12=(P3&P11
|P7&P11
|P3&P7);
Pb=(P2&!P6&!P12
|!P2&P6&!P12
|P2&P6&P12
|!P2&!P6&P12);
Pa=(P2&P12
|P6&P12
|P2&P6);
$
JP1 24,84;
R0,10:FFFF;
R10,10:FFFF;
R20,10:FFFF;
R30,10:FFFF;
R40,10:FFFF;
R50,10:FFFF;
R60,10:FFFF;
R70,10:FFFF;
R80,10:FFFF;
R90,10:FFFF;
Ra0,10:FFFF;
Rb0,10:FFFF;
Rc0,10:FFFF;
Rd0,10:FFFF;
Re0,10:FFFF;
Rf0,10:FFFF;
R100,10:FFFF;
R110,10:FFFF;
R120,10:FFFF;
R130,10:FFFF;
R140,10:FFFF;
R150,10:FFFF;
R160,10:FFFF;
R170,10:FFFF;
R180,10:FFFF;
R190,10:FFFF;
R1a0,10:FFFF;
R1b0,10:FF00;
R1e0,10:0082;
R210,10:0020;
R220,10:0800;
R240,10:8000;
R250,10:8000;
R260,10:00FF;
R270,10:FFFF;
R280,10:FFFF;
R290,10:FFFF;
R2a0,10:FFFF;
R2b0,10:FFFF;
R2c0,10:FFFF;
R2d0,10:FFFF;
R2e0,10:FFFF;
R2f0,10:FFFF;
R300,10:FFFF;
R310,10:FFFF;
R320,10:FFFF;
R330,10:FFFF;
R340,10:FFFF;
R350,10:FFFF;
R360,10:FFFF;
R370,10:FFFF;
R380,10:FFFF;
R390,10:FFF0;
R3d0,10:8200;
R400,10:2008;
R420,10:0080;
R430,10:0080;
R440,10:000F;
R450,10:FFFF;
R460,10:FFFF;
R470,10:FFFF;
R480,10:FFFF;
R490,10:FFFF;
R4a0,10:FFFF;
R4b0,10:FFFF;
R4c0,10:FFFF;
R4d0,10:FFFF;
R4e0,10:FFFF;
R4f0,10:FFFF;
R500,10:FFFF;
R510,10:FFFF;
R520,10:FFFF;
R530,10:FFFF;
R540,10:FFFF;
R550,10:FFFF;
R560,10:FFFF;
R570,10:FFFF;
R580,10:FFFF;
R590,10:FFFF;
R5a0,10:FFFF;
R5b0,10:FFFF;
R5c0,10:FFFF;
R5d0,10:FF00;
R610,10:8000;
R620,10:0080;
R640,10:0008;
R650,10:0800;
R660,10:0080;
R670,10:0080;
R680,10:00FF;
R690,10:FFFF;
R6a0,10:FFFF;
R6b0,10:FFFF;
R6c0,10:FFFF;
R6d0,10:FFFF;
R6e0,10:FFFF;
R6f0,10:FFFF;
R700,10:FFFF;
R710,10:FFFF;
R720,10:FFFF;
R730,10:FFFF;
R740,10:FFFF;
R750,10:FFFF;
R760,10:FFFF;
R770,10:FFFF;
R780,10:FFFF;
R790,10:FFFF;
R7a0,10:FFFF;
R7b0,10:FFFF;
R7c0,10:FFFF;
R7d0,10:FFFF;
R7e0,10:FFFF;
R7f0,10:FFFF;
R800,10:FFFF;
R810,10:FFFF;
R820,10:FFFF;
R830,10:FFFF;
R840,10:FFFF;
R850,10:FFFF;
R860,10:FFFF;
R870,10:FFFF;
R880,10:FFFF;
R890,10:FFFF;
R8a0,10:FFFF;
R8b0,10:FFFF;
R8c0,10:FFFF;
R8d0,10:FFFF;
R8e0,10:FFFF;
R8f0,10:FFFF;
R900,10:FFFF;
R910,10:FFFF;
R920,10:FFFF;
R930,10:FFFF;
R940,10:FFFF;
R950,10:FFFF;
R960,10:FFFF;
R970,10:FFFF;
R980,10:FFFF;
R990,10:FFFF;
R9a0,10:FFFF;
R9b0,10:FFFF;
R9c0,10:FFFF;
R9d0,10:FFFF;
R9e0,10:FFFF;
R9f0,10:FFFF;
Ra00,10:FFFF;
Ra10,10:FFFF;
Ra20,10:FFFF;
Ra30,10:FFFF;
Ra40,10:FFFF;
Ra50,10:FFFF;
Ra60,10:FFFF;
Ra70,10:FFFF;
Ra80,10:FFFF;
Ra90,10:FFFF;
Raa0,10:FFFF;
Rab0,10:FFFF;
Rac0,10:FFFF;
Rad0,10:FFFF;
Rae0,10:FFFF;
Raf0,10:FFFF;
Rb00,10:FFFF;
Rb10,10:FFFF;
Rb20,10:FFFF;
Rb30,10:FFFF;
Rb40,10:FFFF;
Rb50,10:FF00;
Rb80,10:2000;
Rb90,10:8000;
Rba0,10:4040;
Rbb0,10:0004;
Rbc0,10:0008;
Rbd0,10:0400;
Rbe0,10:0080;
Rbf0,10:0080;
Rc00,10:8000;
Rc10,10:0400;
Rc20,10:0408;
Rc30,10:0FFF;
Rc40,10:FFFF;
Rc50,10:FFFF;
Rc60,10:FFFF;
Rc70,10:FFFF;
Rc80,10:FFFF;
Rc90,10:FFFF;
Rca0,10:FFFF;
Rcb0,10:FFFF;
Rcc0,10:FFFF;
Rcd0,10:FFFF;
Rce0,10:FFFF;
Rcf0,10:FFFF;
Rd00,10:FFFF;
Rd10,10:FFFF;
Rd20,10:FFFF;
Rd30,10:FFFF;
Rd40,10:FFFF;
Rd50,10:FFFF;
Rd60,10:FFFF;
Rd70,10:FFFF;
Rd80,10:FFFF;
Rd90,10:FFFF;
Rda0,10:FFFF;
Rdb0,10:FFFF;
Rdc0,10:FFFF;
Rdd0,10:FFFF;
Rde0,10:FFFF;
Rdf0,10:FFFF;
Re00,10:FFFF;
Re10,10:FFFF;
Re20,10:FFFF;
Re30,10:FFFF;
Re40,10:F000;
Re60,10:0002;
Re70,10:0081;
Re80,10:0040;
Rea0,10:0410;
Reb0,10:0800;
Red0,10:8200;
Ree0,10:8000;
Ref0,10:0004;
Rf00,10:2004;
Rf20,10:FFFF;
Rf30,10:FFFF;
Rf40,10:FFFF;
Rf50,10:FFFF;
Rf60,10:FFFF;
Rf70,10:FFFF;
Rf80,10:FFFF;
Rf90,10:FFFF;
Rfa0,10:FFFF;
Rfb0,10:FFFF;
Rfc0,10:FFFF;
Rfd0,10:FFFF;
Rfe0,10:FFFF;
Rff0,10:FFFF;
R1000,10:FFFF;
R1010,10:FFFF;
R1020,10:FFFF;
R1030,10:FFFF;
R1040,10:FFFF;
R1050,10:FFFF;
R1060,10:FFFF;
R1070,10:FFFF;
R1080,10:FFFF;
R1090,10:FFFF;
R10a0,10:FFFF;
R10b0,10:FFFF;
R10c0,10:FFFF;
R10d0,10:FF00;
R1100,10:2081;
R1110,10:0040;
R1130,10:0410;
R1140,10:0800;
R1160,10:8200;
R1170,10:8000;
R1180,10:0004;
R1190,10:2004;
R11b0,10:0FFF;
R11c0,10:FFFF;
R11d0,10:FFFF;
R11e0,10:FFFF;
R11f0,10:FFFF;
R1200,10:FFFF;
R1210,10:FFFF;
R1220,10:FFFF;
R1230,10:FFFF;
R1240,10:FFFF;
R1250,10:FFFF;
R1260,10:FFFF;
R1270,10:FFFF;
R1280,10:FFFF;
R1290,10:FFFF;
R12a0,10:FFFF;
R12b0,10:FFFF;
R12c0,10:FFFF;
R12d0,10:FFFF;
R12e0,10:FFFF;
R12f0,10:FFFF;
R1300,10:FFFF;
R1310,10:F000;
R1330,10:0002;
R1340,10:8100;
R1350,10:4000;
R1360,10:0004;
R1370,10:1008;
R1390,10:0082;
R13a0,10:0080;
R13c0,10:0420;
R13d0,10:0400;
R13f0,10:FFFF;
R1400,10:FFFF;
R1410,10:FFFF;
R1420,10:FFFF;
R1430,10:FFFF;
R1440,10:FFFF;
R1450,10:FFFF;
R1460,10:FFFF;
R1470,10:FFFF;
R1480,10:FFFF;
R1490,10:FFFF;
R14a0,10:FFFF;
R14b0,10:FFFF;
R14c0,10:FFFF;
R14d0,10:FFFF;
R14e0,10:FFFF;
R14f0,10:FF00;
R1520,10:2820;
R1550,10:0200;
R1560,10:8000;
R1570,10:0008;
R1580,10:0008;
R15a0,10:00FF;
R15b0,10:FFFF;
R15c0,10:FFFF;
R15d0,10:FFFF;
R15e0,10:FFFF;
R15f0,10:FFFF;
R1600,10:FFFF;
R1610,10:FFFF;
R1620,10:FFFF;
R1630,10:FFFF;
R1640,10:FFFF;
R1650,10:FFFF;
R1660,10:FFFF;
R1670,10:FFFF;
R1680,10:FFFF;
R1690,10:FFFF;
R16a0,10:FFFF;
R16b0,10:C0C0;
$
UP1
e 8 3;
f a 4;
10 c 4;
11 e 4;
12 10 4;
13 10 0;
14 e 3;
15 c 3;
16 a 3;
17 8 0;
19 1 0;
1a 1 0;
$
$
